<?xml version="1.0" encoding="UTF-8"?>
<coverage generated="1770188361805" clover="3.2.0">
  <project timestamp="1770188361805" name="All files">
    <metrics statements="29" coveredstatements="0" conditionals="69" coveredconditionals="0" methods="6" coveredmethods="0" elements="104" coveredelements="0" complexity="0" loc="29" ncloc="29" packages="3" files="6" classes="6"/>
    <package name="cw-antd-calendar">
      <metrics statements="11" coveredstatements="0" conditionals="23" coveredconditionals="0" methods="2" coveredmethods="0"/>
      <file name="index.js" path="/Users/tolerye/Projects/cloud-ui-materials/workspaces/legacy-yaml/packages/cw/cw_ant_design_vue_library/components/cw-antd-calendar/index.js">
        <metrics statements="0" coveredstatements="0" conditionals="0" coveredconditionals="0" methods="0" coveredmethods="0"/>
      </file>
      <file name="index.vue" path="/Users/tolerye/Projects/cloud-ui-materials/workspaces/legacy-yaml/packages/cw/cw_ant_design_vue_library/components/cw-antd-calendar/index.vue">
        <metrics statements="11" coveredstatements="0" conditionals="23" coveredconditionals="0" methods="2" coveredmethods="0"/>
        <line num="2" count="0" type="cond" truecount="0" falsecount="2"/>
        <line num="15" count="0" type="stmt"/>
        <line num="16" count="0" type="stmt"/>
        <line num="17" count="0" type="stmt"/>
        <line num="18" count="0" type="stmt"/>
        <line num="19" count="0" type="stmt"/>
        <line num="20" count="0" type="stmt"/>
        <line num="21" count="0" type="stmt"/>
        <line num="22" count="0" type="stmt"/>
        <line num="23" count="0" type="stmt"/>
        <line num="24" count="0" type="cond" truecount="0" falsecount="21"/>
      </file>
    </package>
    <package name="cw-antd-upload">
      <metrics statements="7" coveredstatements="0" conditionals="23" coveredconditionals="0" methods="2" coveredmethods="0"/>
      <file name="index.js" path="/Users/tolerye/Projects/cloud-ui-materials/workspaces/legacy-yaml/packages/cw/cw_ant_design_vue_library/components/cw-antd-upload/index.js">
        <metrics statements="0" coveredstatements="0" conditionals="0" coveredconditionals="0" methods="0" coveredmethods="0"/>
      </file>
      <file name="index.vue" path="/Users/tolerye/Projects/cloud-ui-materials/workspaces/legacy-yaml/packages/cw/cw_ant_design_vue_library/components/cw-antd-upload/index.vue">
        <metrics statements="7" coveredstatements="0" conditionals="23" coveredconditionals="0" methods="2" coveredmethods="0"/>
        <line num="2" count="0" type="cond" truecount="0" falsecount="2"/>
        <line num="29" count="0" type="stmt"/>
        <line num="30" count="0" type="stmt"/>
        <line num="31" count="0" type="stmt"/>
        <line num="32" count="0" type="cond" truecount="0" falsecount="21"/>
        <line num="33" count="0" type="stmt"/>
        <line num="34" count="0" type="stmt"/>
      </file>
    </package>
    <package name="cw-auto-complete">
      <metrics statements="11" coveredstatements="0" conditionals="23" coveredconditionals="0" methods="2" coveredmethods="0"/>
      <file name="index.js" path="/Users/tolerye/Projects/cloud-ui-materials/workspaces/legacy-yaml/packages/cw/cw_ant_design_vue_library/components/cw-auto-complete/index.js">
        <metrics statements="0" coveredstatements="0" conditionals="0" coveredconditionals="0" methods="0" coveredmethods="0"/>
      </file>
      <file name="index.vue" path="/Users/tolerye/Projects/cloud-ui-materials/workspaces/legacy-yaml/packages/cw/cw_ant_design_vue_library/components/cw-auto-complete/index.vue">
        <metrics statements="11" coveredstatements="0" conditionals="23" coveredconditionals="0" methods="2" coveredmethods="0"/>
        <line num="2" count="0" type="cond" truecount="0" falsecount="2"/>
        <line num="32" count="0" type="stmt"/>
        <line num="33" count="0" type="stmt"/>
        <line num="34" count="0" type="stmt"/>
        <line num="35" count="0" type="stmt"/>
        <line num="36" count="0" type="stmt"/>
        <line num="37" count="0" type="stmt"/>
        <line num="38" count="0" type="cond" truecount="0" falsecount="21"/>
        <line num="39" count="0" type="stmt"/>
        <line num="40" count="0" type="stmt"/>
        <line num="41" count="0" type="stmt"/>
      </file>
    </package>
  </project>
</coverage>
