TN:
SF:components/cw-antd-calendar/index.js
FNF:0
FNH:0
LF:0
LH:0
BRF:0
BRH:0
end_of_record
TN:
SF:components/cw-antd-calendar/index.vue
FN:24,_interopRequireDefault
FN:2,asyncGeneratorStep
FNF:2
FNH:0
FNDA:0,_interopRequireDefault
FNDA:0,asyncGeneratorStep
DA:2,0
DA:15,0
DA:16,0
DA:17,0
DA:18,0
DA:19,0
DA:20,0
DA:21,0
DA:22,0
DA:23,0
DA:24,0
LF:11
LH:0
BRDA:24,0,0,0
BRDA:24,0,1,0
BRDA:24,1,0,0
BRDA:24,1,1,0
BRDA:24,1,2,0
BRDA:24,1,3,0
BRDA:24,2,0,0
BRDA:24,3,0,0
BRDA:24,3,1,0
BRDA:24,3,2,0
BRDA:24,4,0,0
BRDA:24,4,1,0
BRDA:24,4,2,0
BRDA:24,4,3,0
BRDA:24,4,4,0
BRDA:24,5,0,0
BRDA:24,5,1,0
BRDA:24,5,2,0
BRDA:24,5,3,0
BRDA:24,5,4,0
BRDA:24,5,5,0
BRDA:2,6,0,0
BRDA:2,6,1,0
BRF:23
BRH:0
end_of_record
TN:
SF:components/cw-antd-upload/index.js
FNF:0
FNH:0
LF:0
LH:0
BRF:0
BRH:0
end_of_record
TN:
SF:components/cw-antd-upload/index.vue
FN:32,_interopRequireDefault
FN:2,asyncGeneratorStep
FNF:2
FNH:0
FNDA:0,_interopRequireDefault
FNDA:0,asyncGeneratorStep
DA:2,0
DA:29,0
DA:30,0
DA:31,0
DA:32,0
DA:33,0
DA:34,0
LF:7
LH:0
BRDA:32,0,0,0
BRDA:32,0,1,0
BRDA:32,1,0,0
BRDA:32,1,1,0
BRDA:32,1,2,0
BRDA:32,1,3,0
BRDA:32,2,0,0
BRDA:32,3,0,0
BRDA:32,3,1,0
BRDA:32,3,2,0
BRDA:32,4,0,0
BRDA:32,4,1,0
BRDA:32,4,2,0
BRDA:32,4,3,0
BRDA:32,4,4,0
BRDA:32,5,0,0
BRDA:32,5,1,0
BRDA:32,5,2,0
BRDA:32,5,3,0
BRDA:32,5,4,0
BRDA:32,5,5,0
BRDA:2,6,0,0
BRDA:2,6,1,0
BRF:23
BRH:0
end_of_record
TN:
SF:components/cw-auto-complete/index.js
FNF:0
FNH:0
LF:0
LH:0
BRF:0
BRH:0
end_of_record
TN:
SF:components/cw-auto-complete/index.vue
FN:38,_interopRequireDefault
FN:2,asyncGeneratorStep
FNF:2
FNH:0
FNDA:0,_interopRequireDefault
FNDA:0,asyncGeneratorStep
DA:2,0
DA:32,0
DA:33,0
DA:34,0
DA:35,0
DA:36,0
DA:37,0
DA:38,0
DA:39,0
DA:40,0
DA:41,0
LF:11
LH:0
BRDA:38,0,0,0
BRDA:38,0,1,0
BRDA:38,1,0,0
BRDA:38,1,1,0
BRDA:38,1,2,0
BRDA:38,1,3,0
BRDA:38,2,0,0
BRDA:38,3,0,0
BRDA:38,3,1,0
BRDA:38,3,2,0
BRDA:38,4,0,0
BRDA:38,4,1,0
BRDA:38,4,2,0
BRDA:38,4,3,0
BRDA:38,4,4,0
BRDA:38,5,0,0
BRDA:38,5,1,0
BRDA:38,5,2,0
BRDA:38,5,3,0
BRDA:38,5,4,0
BRDA:38,5,5,0
BRDA:2,6,0,0
BRDA:2,6,1,0
BRF:23
BRH:0
end_of_record
